生成启动时间为 2015/4/3 0:37:55。
     1>项目“C:\Users\tsinglee\Desktop\bmfont\bmfont.vcxproj”在节点 2 上(Build 个目标)。
     1>ClCompile:
         F:\Program Files\Microsoft Visual Studio 12.0\VC\bin\CL.exe /c /Ilibs\zlib /Ilibs\libpng /Ilibs\libjpeg /Ilibs\squish /ZI /nologo /W3 /WX- /Od /Oy- /D TRACE_GENERATE /D WIN32 /D _DEBUG /D _WINDOWS /D _VC80_UPGRADE=0x0710 /D _UNICODE /D UNICODE /Gm- /EHsc /RTC1 /MTd /GS /fp:precise /Zc:wchar_t /Zc:forScope /Fo".\Debug/" /Fd".\Debug/vc120.pdb" /Gd /TP /analyze- /errorReport:prompt about.cpp ac_image.cpp ac_string_util.cpp acimg.cpp acimg_bmp.cpp acimg_dds.cpp acimg_jpg.cpp acimg_png.cpp acimg_tga.cpp acutil_config.cpp acutil_path.cpp acutil_unicode.cpp acwin_dialog.cpp acwin_filedialog.cpp acwin_listview.cpp acwin_static.cpp acwin_statusbar.cpp acwin_window.cpp charwin.cpp choosefont.cpp dynamic_funcs.cpp exportdlg.cpp fontchar.cpp fontgen.cpp fontpage.cpp iconimagedlg.cpp imagemgr.cpp imagewnd.cpp main.cpp unicode.cpp
         about.cpp
         ac_image.cpp
         ac_string_util.cpp
     1>c:\users\tsinglee\desktop\bmfont\ac_string_util.cpp(42): warning C4996: '_vsnprintf': This function or variable may be unsafe. Consider using _vsnprintf_s instead. To disable deprecation, use _CRT_SECURE_NO_WARNINGS. See online help for details.
                 f:\program files\microsoft visual studio 12.0\vc\include\stdio.h(346) : 参见“_vsnprintf”的声明
     1>c:\users\tsinglee\desktop\bmfont\ac_string_util.cpp(54): warning C4996: '_vsnprintf': This function or variable may be unsafe. Consider using _vsnprintf_s instead. To disable deprecation, use _CRT_SECURE_NO_WARNINGS. See online help for details.
                 f:\program files\microsoft visual studio 12.0\vc\include\stdio.h(346) : 参见“_vsnprintf”的声明
         acimg.cpp
         acimg_bmp.cpp
     1>c:\users\tsinglee\desktop\bmfont\acimg_bmp.cpp(85): warning C4996: 'fopen': This function or variable may be unsafe. Consider using fopen_s instead. To disable deprecation, use _CRT_SECURE_NO_WARNINGS. See online help for details.
                 f:\program files\microsoft visual studio 12.0\vc\include\stdio.h(211) : 参见“fopen”的声明
     1>c:\users\tsinglee\desktop\bmfont\acimg_bmp.cpp(163): warning C4996: 'fopen': This function or variable may be unsafe. Consider using fopen_s instead. To disable deprecation, use _CRT_SECURE_NO_WARNINGS. See online help for details.
                 f:\program files\microsoft visual studio 12.0\vc\include\stdio.h(211) : 参见“fopen”的声明
         acimg_dds.cpp
     1>c:\users\tsinglee\desktop\bmfont\acimg_dds.cpp(119): warning C4996: 'fopen': This function or variable may be unsafe. Consider using fopen_s instead. To disable deprecation, use _CRT_SECURE_NO_WARNINGS. See online help for details.
                 f:\program files\microsoft visual studio 12.0\vc\include\stdio.h(211) : 参见“fopen”的声明
     1>c:\users\tsinglee\desktop\bmfont\acimg_dds.cpp(283): warning C4996: 'fopen': This function or variable may be unsafe. Consider using fopen_s instead. To disable deprecation, use _CRT_SECURE_NO_WARNINGS. See online help for details.
                 f:\program files\microsoft visual studio 12.0\vc\include\stdio.h(211) : 参见“fopen”的声明
         acimg_jpg.cpp
     1>c:\users\tsinglee\desktop\bmfont\acimg_jpg.cpp(66): warning C4996: 'fopen': This function or variable may be unsafe. Consider using fopen_s instead. To disable deprecation, use _CRT_SECURE_NO_WARNINGS. See online help for details.
                 f:\program files\microsoft visual studio 12.0\vc\include\stdio.h(211) : 参见“fopen”的声明
     1>c:\users\tsinglee\desktop\bmfont\acimg_jpg.cpp(153): warning C4996: 'fopen': This function or variable may be unsafe. Consider using fopen_s instead. To disable deprecation, use _CRT_SECURE_NO_WARNINGS. See online help for details.
                 f:\program files\microsoft visual studio 12.0\vc\include\stdio.h(211) : 参见“fopen”的声明
         acimg_png.cpp
     1>c:\users\tsinglee\desktop\bmfont\acimg_png.cpp(51): warning C4996: 'fopen': This function or variable may be unsafe. Consider using fopen_s instead. To disable deprecation, use _CRT_SECURE_NO_WARNINGS. See online help for details.
                 f:\program files\microsoft visual studio 12.0\vc\include\stdio.h(211) : 参见“fopen”的声明
     1>c:\users\tsinglee\desktop\bmfont\acimg_png.cpp(143): warning C4996: 'fopen': This function or variable may be unsafe. Consider using fopen_s instead. To disable deprecation, use _CRT_SECURE_NO_WARNINGS. See online help for details.
                 f:\program files\microsoft visual studio 12.0\vc\include\stdio.h(211) : 参见“fopen”的声明
         acimg_tga.cpp
         acutil_config.cpp
         acutil_path.cpp
         acutil_unicode.cpp
         acwin_dialog.cpp
         acwin_filedialog.cpp
         acwin_listview.cpp
         acwin_static.cpp
         acwin_statusbar.cpp
         acwin_window.cpp
         charwin.cpp
         choosefont.cpp
         正在生成代码...
         正在编译...
         dynamic_funcs.cpp
         exportdlg.cpp
         fontchar.cpp
         fontgen.cpp
         fontpage.cpp
         iconimagedlg.cpp
         imagemgr.cpp
         imagewnd.cpp
         main.cpp
     1>c:\users\tsinglee\desktop\bmfont\main.cpp(106): warning C4996: 'freopen': This function or variable may be unsafe. Consider using freopen_s instead. To disable deprecation, use _CRT_SECURE_NO_WARNINGS. See online help for details.
                 f:\program files\microsoft visual studio 12.0\vc\include\stdio.h(226) : 参见“freopen”的声明
     1>c:\users\tsinglee\desktop\bmfont\main.cpp(107): warning C4996: 'freopen': This function or variable may be unsafe. Consider using freopen_s instead. To disable deprecation, use _CRT_SECURE_NO_WARNINGS. See online help for details.
                 f:\program files\microsoft visual studio 12.0\vc\include\stdio.h(226) : 参见“freopen”的声明
         unicode.cpp
         正在生成代码...
       ResourceCompile:
         C:\Program Files (x86)\Windows Kits\8.1\bin\x86\rc.exe /D _DEBUG /D _VC80_UPGRADE=0x0710 /D _UNICODE /D UNICODE /l"0x0416" /nologo /fo".\Debug\resource.res" resource.rc 
       Link:
         F:\Program Files\Microsoft Visual Studio 12.0\VC\bin\link.exe /ERRORREPORT:PROMPT /OUT:".\Debug/bmfont.exe" /INCREMENTAL:NO /NOLOGO /LIBPATH:libs\libpng /LIBPATH:libs\zlib /LIBPATH:libs\libjpeg /LIBPATH:libs\squish Usp10.lib comctl32.lib libpng.lib zlib.lib libjpeg.lib squish.lib kernel32.lib user32.lib gdi32.lib winspool.lib comdlg32.lib advapi32.lib shell32.lib ole32.lib oleaut32.lib uuid.lib odbc32.lib odbccp32.lib /MANIFEST /MANIFESTUAC:"level='asInvoker' uiAccess='false'" /manifest:embed /DEBUG /PDB:".\Debug/bmfont.pdb" /SUBSYSTEM:WINDOWS /TLBID:1 /DYNAMICBASE:NO /IMPLIB:".\Debug\bmfont.lib" /MACHINE:X86 /SAFESEH .\Debug\resource.res
         .\Debug/about.obj
         .\Debug/ac_image.obj
         .\Debug/ac_string_util.obj
         .\Debug/acimg.obj
         .\Debug/acimg_bmp.obj
         .\Debug/acimg_dds.obj
         .\Debug/acimg_jpg.obj
         .\Debug/acimg_png.obj
         .\Debug/acimg_tga.obj
         .\Debug/acutil_config.obj
         .\Debug/acutil_path.obj
         .\Debug/acutil_unicode.obj
         .\Debug/acwin_dialog.obj
         .\Debug/acwin_filedialog.obj
         .\Debug/acwin_listview.obj
         .\Debug/acwin_static.obj
         .\Debug/acwin_statusbar.obj
         .\Debug/acwin_window.obj
         .\Debug/charwin.obj
         .\Debug/choosefont.obj
         .\Debug/dynamic_funcs.obj
         .\Debug/exportdlg.obj
         .\Debug/fontchar.obj
         .\Debug/fontgen.obj
         .\Debug/fontpage.obj
         .\Debug/iconimagedlg.obj
         .\Debug/imagemgr.obj
         .\Debug/imagewnd.obj
         .\Debug/main.obj
         .\Debug/unicode.obj
     1>about.obj : warning LNK4075: 忽略“/EDITANDCONTINUE”(由于“/OPT:LBR”规范)
     1>LINK : warning LNK4098: 默认库“LIBCMT”与其他库的使用冲突；请使用 /NODEFAULTLIB:library
     1>libjpeg.lib(jcapimin.obj) : warning LNK4099: 未找到 PDB“vc70.pdb”(使用“libjpeg.lib(jcapimin.obj)”或在“C:\Users\tsinglee\Desktop\bmfont\Debug\vc70.pdb”中寻找)；正在链接对象，如同没有调试信息一样
     1>libjpeg.lib(jcapistd.obj) : warning LNK4099: 未找到 PDB“vc70.pdb”(使用“libjpeg.lib(jcapistd.obj)”或在“C:\Users\tsinglee\Desktop\bmfont\Debug\vc70.pdb”中寻找)；正在链接对象，如同没有调试信息一样
     1>libjpeg.lib(jccoefct.obj) : warning LNK4099: 未找到 PDB“vc70.pdb”(使用“libjpeg.lib(jccoefct.obj)”或在“C:\Users\tsinglee\Desktop\bmfont\Debug\vc70.pdb”中寻找)；正在链接对象，如同没有调试信息一样
     1>libjpeg.lib(jccolor.obj) : warning LNK4099: 未找到 PDB“vc70.pdb”(使用“libjpeg.lib(jccolor.obj)”或在“C:\Users\tsinglee\Desktop\bmfont\Debug\vc70.pdb”中寻找)；正在链接对象，如同没有调试信息一样
     1>libjpeg.lib(jcdctmgr.obj) : warning LNK4099: 未找到 PDB“vc70.pdb”(使用“libjpeg.lib(jcdctmgr.obj)”或在“C:\Users\tsinglee\Desktop\bmfont\Debug\vc70.pdb”中寻找)；正在链接对象，如同没有调试信息一样
     1>libjpeg.lib(jchuff.obj) : warning LNK4099: 未找到 PDB“vc70.pdb”(使用“libjpeg.lib(jchuff.obj)”或在“C:\Users\tsinglee\Desktop\bmfont\Debug\vc70.pdb”中寻找)；正在链接对象，如同没有调试信息一样
     1>libjpeg.lib(jcinit.obj) : warning LNK4099: 未找到 PDB“vc70.pdb”(使用“libjpeg.lib(jcinit.obj)”或在“C:\Users\tsinglee\Desktop\bmfont\Debug\vc70.pdb”中寻找)；正在链接对象，如同没有调试信息一样
     1>libjpeg.lib(jcmainct.obj) : warning LNK4099: 未找到 PDB“vc70.pdb”(使用“libjpeg.lib(jcmainct.obj)”或在“C:\Users\tsinglee\Desktop\bmfont\Debug\vc70.pdb”中寻找)；正在链接对象，如同没有调试信息一样
     1>libjpeg.lib(jcmarker.obj) : warning LNK4099: 未找到 PDB“vc70.pdb”(使用“libjpeg.lib(jcmarker.obj)”或在“C:\Users\tsinglee\Desktop\bmfont\Debug\vc70.pdb”中寻找)；正在链接对象，如同没有调试信息一样
     1>libjpeg.lib(jcmaster.obj) : warning LNK4099: 未找到 PDB“vc70.pdb”(使用“libjpeg.lib(jcmaster.obj)”或在“C:\Users\tsinglee\Desktop\bmfont\Debug\vc70.pdb”中寻找)；正在链接对象，如同没有调试信息一样
     1>libjpeg.lib(jcomapi.obj) : warning LNK4099: 未找到 PDB“vc70.pdb”(使用“libjpeg.lib(jcomapi.obj)”或在“C:\Users\tsinglee\Desktop\bmfont\Debug\vc70.pdb”中寻找)；正在链接对象，如同没有调试信息一样
     1>libjpeg.lib(jcparam.obj) : warning LNK4099: 未找到 PDB“vc70.pdb”(使用“libjpeg.lib(jcparam.obj)”或在“C:\Users\tsinglee\Desktop\bmfont\Debug\vc70.pdb”中寻找)；正在链接对象，如同没有调试信息一样
     1>libjpeg.lib(jcphuff.obj) : warning LNK4099: 未找到 PDB“vc70.pdb”(使用“libjpeg.lib(jcphuff.obj)”或在“C:\Users\tsinglee\Desktop\bmfont\Debug\vc70.pdb”中寻找)；正在链接对象，如同没有调试信息一样
     1>libjpeg.lib(jcprepct.obj) : warning LNK4099: 未找到 PDB“vc70.pdb”(使用“libjpeg.lib(jcprepct.obj)”或在“C:\Users\tsinglee\Desktop\bmfont\Debug\vc70.pdb”中寻找)；正在链接对象，如同没有调试信息一样
     1>libjpeg.lib(jcsample.obj) : warning LNK4099: 未找到 PDB“vc70.pdb”(使用“libjpeg.lib(jcsample.obj)”或在“C:\Users\tsinglee\Desktop\bmfont\Debug\vc70.pdb”中寻找)；正在链接对象，如同没有调试信息一样
     1>libjpeg.lib(jdapimin.obj) : warning LNK4099: 未找到 PDB“vc70.pdb”(使用“libjpeg.lib(jdapimin.obj)”或在“C:\Users\tsinglee\Desktop\bmfont\Debug\vc70.pdb”中寻找)；正在链接对象，如同没有调试信息一样
     1>libjpeg.lib(jdapistd.obj) : warning LNK4099: 未找到 PDB“vc70.pdb”(使用“libjpeg.lib(jdapistd.obj)”或在“C:\Users\tsinglee\Desktop\bmfont\Debug\vc70.pdb”中寻找)；正在链接对象，如同没有调试信息一样
     1>libjpeg.lib(jdatadst.obj) : warning LNK4099: 未找到 PDB“vc70.pdb”(使用“libjpeg.lib(jdatadst.obj)”或在“C:\Users\tsinglee\Desktop\bmfont\Debug\vc70.pdb”中寻找)；正在链接对象，如同没有调试信息一样
     1>libjpeg.lib(jdatasrc.obj) : warning LNK4099: 未找到 PDB“vc70.pdb”(使用“libjpeg.lib(jdatasrc.obj)”或在“C:\Users\tsinglee\Desktop\bmfont\Debug\vc70.pdb”中寻找)；正在链接对象，如同没有调试信息一样
     1>libjpeg.lib(jdcoefct.obj) : warning LNK4099: 未找到 PDB“vc70.pdb”(使用“libjpeg.lib(jdcoefct.obj)”或在“C:\Users\tsinglee\Desktop\bmfont\Debug\vc70.pdb”中寻找)；正在链接对象，如同没有调试信息一样
     1>libjpeg.lib(jdcolor.obj) : warning LNK4099: 未找到 PDB“vc70.pdb”(使用“libjpeg.lib(jdcolor.obj)”或在“C:\Users\tsinglee\Desktop\bmfont\Debug\vc70.pdb”中寻找)；正在链接对象，如同没有调试信息一样
     1>libjpeg.lib(jddctmgr.obj) : warning LNK4099: 未找到 PDB“vc70.pdb”(使用“libjpeg.lib(jddctmgr.obj)”或在“C:\Users\tsinglee\Desktop\bmfont\Debug\vc70.pdb”中寻找)；正在链接对象，如同没有调试信息一样
     1>libjpeg.lib(jdhuff.obj) : warning LNK4099: 未找到 PDB“vc70.pdb”(使用“libjpeg.lib(jdhuff.obj)”或在“C:\Users\tsinglee\Desktop\bmfont\Debug\vc70.pdb”中寻找)；正在链接对象，如同没有调试信息一样
     1>libjpeg.lib(jdinput.obj) : warning LNK4099: 未找到 PDB“vc70.pdb”(使用“libjpeg.lib(jdinput.obj)”或在“C:\Users\tsinglee\Desktop\bmfont\Debug\vc70.pdb”中寻找)；正在链接对象，如同没有调试信息一样
     1>libjpeg.lib(jdmainct.obj) : warning LNK4099: 未找到 PDB“vc70.pdb”(使用“libjpeg.lib(jdmainct.obj)”或在“C:\Users\tsinglee\Desktop\bmfont\Debug\vc70.pdb”中寻找)；正在链接对象，如同没有调试信息一样
     1>libjpeg.lib(jdmarker.obj) : warning LNK4099: 未找到 PDB“vc70.pdb”(使用“libjpeg.lib(jdmarker.obj)”或在“C:\Users\tsinglee\Desktop\bmfont\Debug\vc70.pdb”中寻找)；正在链接对象，如同没有调试信息一样
     1>libjpeg.lib(jdmaster.obj) : warning LNK4099: 未找到 PDB“vc70.pdb”(使用“libjpeg.lib(jdmaster.obj)”或在“C:\Users\tsinglee\Desktop\bmfont\Debug\vc70.pdb”中寻找)；正在链接对象，如同没有调试信息一样
     1>libjpeg.lib(jdmerge.obj) : warning LNK4099: 未找到 PDB“vc70.pdb”(使用“libjpeg.lib(jdmerge.obj)”或在“C:\Users\tsinglee\Desktop\bmfont\Debug\vc70.pdb”中寻找)；正在链接对象，如同没有调试信息一样
     1>libjpeg.lib(jdphuff.obj) : warning LNK4099: 未找到 PDB“vc70.pdb”(使用“libjpeg.lib(jdphuff.obj)”或在“C:\Users\tsinglee\Desktop\bmfont\Debug\vc70.pdb”中寻找)；正在链接对象，如同没有调试信息一样
     1>libjpeg.lib(jdpostct.obj) : warning LNK4099: 未找到 PDB“vc70.pdb”(使用“libjpeg.lib(jdpostct.obj)”或在“C:\Users\tsinglee\Desktop\bmfont\Debug\vc70.pdb”中寻找)；正在链接对象，如同没有调试信息一样
     1>libjpeg.lib(jdsample.obj) : warning LNK4099: 未找到 PDB“vc70.pdb”(使用“libjpeg.lib(jdsample.obj)”或在“C:\Users\tsinglee\Desktop\bmfont\Debug\vc70.pdb”中寻找)；正在链接对象，如同没有调试信息一样
     1>libjpeg.lib(jerror.obj) : warning LNK4099: 未找到 PDB“vc70.pdb”(使用“libjpeg.lib(jerror.obj)”或在“C:\Users\tsinglee\Desktop\bmfont\Debug\vc70.pdb”中寻找)；正在链接对象，如同没有调试信息一样
     1>libjpeg.lib(jfdctflt.obj) : warning LNK4099: 未找到 PDB“vc70.pdb”(使用“libjpeg.lib(jfdctflt.obj)”或在“C:\Users\tsinglee\Desktop\bmfont\Debug\vc70.pdb”中寻找)；正在链接对象，如同没有调试信息一样
     1>libjpeg.lib(jfdctfst.obj) : warning LNK4099: 未找到 PDB“vc70.pdb”(使用“libjpeg.lib(jfdctfst.obj)”或在“C:\Users\tsinglee\Desktop\bmfont\Debug\vc70.pdb”中寻找)；正在链接对象，如同没有调试信息一样
     1>libjpeg.lib(jfdctint.obj) : warning LNK4099: 未找到 PDB“vc70.pdb”(使用“libjpeg.lib(jfdctint.obj)”或在“C:\Users\tsinglee\Desktop\bmfont\Debug\vc70.pdb”中寻找)；正在链接对象，如同没有调试信息一样
     1>libjpeg.lib(jidctflt.obj) : warning LNK4099: 未找到 PDB“vc70.pdb”(使用“libjpeg.lib(jidctflt.obj)”或在“C:\Users\tsinglee\Desktop\bmfont\Debug\vc70.pdb”中寻找)；正在链接对象，如同没有调试信息一样
     1>libjpeg.lib(jidctfst.obj) : warning LNK4099: 未找到 PDB“vc70.pdb”(使用“libjpeg.lib(jidctfst.obj)”或在“C:\Users\tsinglee\Desktop\bmfont\Debug\vc70.pdb”中寻找)；正在链接对象，如同没有调试信息一样
     1>libjpeg.lib(jidctint.obj) : warning LNK4099: 未找到 PDB“vc70.pdb”(使用“libjpeg.lib(jidctint.obj)”或在“C:\Users\tsinglee\Desktop\bmfont\Debug\vc70.pdb”中寻找)；正在链接对象，如同没有调试信息一样
     1>libjpeg.lib(jidctred.obj) : warning LNK4099: 未找到 PDB“vc70.pdb”(使用“libjpeg.lib(jidctred.obj)”或在“C:\Users\tsinglee\Desktop\bmfont\Debug\vc70.pdb”中寻找)；正在链接对象，如同没有调试信息一样
     1>libjpeg.lib(jmemmgr.obj) : warning LNK4099: 未找到 PDB“vc70.pdb”(使用“libjpeg.lib(jmemmgr.obj)”或在“C:\Users\tsinglee\Desktop\bmfont\Debug\vc70.pdb”中寻找)；正在链接对象，如同没有调试信息一样
     1>libjpeg.lib(jmemnobs.obj) : warning LNK4099: 未找到 PDB“vc70.pdb”(使用“libjpeg.lib(jmemnobs.obj)”或在“C:\Users\tsinglee\Desktop\bmfont\Debug\vc70.pdb”中寻找)；正在链接对象，如同没有调试信息一样
     1>libjpeg.lib(jquant1.obj) : warning LNK4099: 未找到 PDB“vc70.pdb”(使用“libjpeg.lib(jquant1.obj)”或在“C:\Users\tsinglee\Desktop\bmfont\Debug\vc70.pdb”中寻找)；正在链接对象，如同没有调试信息一样
     1>libjpeg.lib(jquant2.obj) : warning LNK4099: 未找到 PDB“vc70.pdb”(使用“libjpeg.lib(jquant2.obj)”或在“C:\Users\tsinglee\Desktop\bmfont\Debug\vc70.pdb”中寻找)；正在链接对象，如同没有调试信息一样
     1>libjpeg.lib(jutils.obj) : warning LNK4099: 未找到 PDB“vc70.pdb”(使用“libjpeg.lib(jutils.obj)”或在“C:\Users\tsinglee\Desktop\bmfont\Debug\vc70.pdb”中寻找)；正在链接对象，如同没有调试信息一样
     1>squish.lib(alpha.obj) : warning LNK4099: 未找到 PDB“vc70.pdb”(使用“squish.lib(alpha.obj)”或在“C:\Users\tsinglee\Desktop\bmfont\Debug\vc70.pdb”中寻找)；正在链接对象，如同没有调试信息一样
     1>squish.lib(clusterfit.obj) : warning LNK4099: 未找到 PDB“vc70.pdb”(使用“squish.lib(clusterfit.obj)”或在“C:\Users\tsinglee\Desktop\bmfont\Debug\vc70.pdb”中寻找)；正在链接对象，如同没有调试信息一样
     1>squish.lib(colourblock.obj) : warning LNK4099: 未找到 PDB“vc70.pdb”(使用“squish.lib(colourblock.obj)”或在“C:\Users\tsinglee\Desktop\bmfont\Debug\vc70.pdb”中寻找)；正在链接对象，如同没有调试信息一样
     1>squish.lib(colourfit.obj) : warning LNK4099: 未找到 PDB“vc70.pdb”(使用“squish.lib(colourfit.obj)”或在“C:\Users\tsinglee\Desktop\bmfont\Debug\vc70.pdb”中寻找)；正在链接对象，如同没有调试信息一样
     1>squish.lib(colourset.obj) : warning LNK4099: 未找到 PDB“vc70.pdb”(使用“squish.lib(colourset.obj)”或在“C:\Users\tsinglee\Desktop\bmfont\Debug\vc70.pdb”中寻找)；正在链接对象，如同没有调试信息一样
     1>squish.lib(maths.obj) : warning LNK4099: 未找到 PDB“vc70.pdb”(使用“squish.lib(maths.obj)”或在“C:\Users\tsinglee\Desktop\bmfont\Debug\vc70.pdb”中寻找)；正在链接对象，如同没有调试信息一样
     1>squish.lib(rangefit.obj) : warning LNK4099: 未找到 PDB“vc70.pdb”(使用“squish.lib(rangefit.obj)”或在“C:\Users\tsinglee\Desktop\bmfont\Debug\vc70.pdb”中寻找)；正在链接对象，如同没有调试信息一样
     1>squish.lib(singlecolourfit.obj) : warning LNK4099: 未找到 PDB“vc70.pdb”(使用“squish.lib(singlecolourfit.obj)”或在“C:\Users\tsinglee\Desktop\bmfont\Debug\vc70.pdb”中寻找)；正在链接对象，如同没有调试信息一样
     1>squish.lib(squish.obj) : warning LNK4099: 未找到 PDB“vc70.pdb”(使用“squish.lib(squish.obj)”或在“C:\Users\tsinglee\Desktop\bmfont\Debug\vc70.pdb”中寻找)；正在链接对象，如同没有调试信息一样
         bmfont.vcxproj -> C:\Users\tsinglee\Desktop\bmfont\.\Debug\bmfont.exe
     1>已完成生成项目“C:\Users\tsinglee\Desktop\bmfont\bmfont.vcxproj”(Build 个目标)的操作。

生成成功。

已用时间 00:01:12.26
